0 info it worked if it ends with ok
1 verbose cli [ '/usr/bin/node',
1 verbose cli   '/usr/bin/npm',
1 verbose cli   'install',
1 verbose cli   '@abandonware/bleno@latest',
1 verbose cli   '--save' ]
2 info using npm@1.4.21
3 info using node@v8.11.1
4 warn package.json devices@0.0.0 No README data
5 verbose readDependencies using package.json deps
6 verbose cache add [ '@abandonware/bleno@latest', null ]
7 verbose cache add name=undefined spec="@abandonware/bleno@latest" args=["@abandonware/bleno@latest",null]
8 verbose parsed url Url {
8 verbose parsed url   protocol: null,
8 verbose parsed url   slashes: null,
8 verbose parsed url   auth: null,
8 verbose parsed url   host: null,
8 verbose parsed url   port: null,
8 verbose parsed url   hostname: null,
8 verbose parsed url   hash: null,
8 verbose parsed url   search: null,
8 verbose parsed url   query: null,
8 verbose parsed url   pathname: '@abandonware/bleno@latest',
8 verbose parsed url   path: '@abandonware/bleno@latest',
8 verbose parsed url   href: '@abandonware/bleno@latest' }
9 verbose cache add name="" spec="abandonware/bleno@latest" args=["","abandonware/bleno@latest"]
10 verbose parsed url Url {
10 verbose parsed url   protocol: null,
10 verbose parsed url   slashes: null,
10 verbose parsed url   auth: null,
10 verbose parsed url   host: null,
10 verbose parsed url   port: null,
10 verbose parsed url   hostname: null,
10 verbose parsed url   hash: null,
10 verbose parsed url   search: null,
10 verbose parsed url   query: null,
10 verbose parsed url   pathname: 'abandonware/bleno@latest',
10 verbose parsed url   path: 'abandonware/bleno@latest',
10 verbose parsed url   href: 'abandonware/bleno@latest' }
11 verbose cache add name="abandonware/bleno" spec="latest" args=["abandonware/bleno","latest"]
12 verbose parsed url Url {
12 verbose parsed url   protocol: null,
12 verbose parsed url   slashes: null,
12 verbose parsed url   auth: null,
12 verbose parsed url   host: null,
12 verbose parsed url   port: null,
12 verbose parsed url   hostname: null,
12 verbose parsed url   hash: null,
12 verbose parsed url   search: null,
12 verbose parsed url   query: null,
12 verbose parsed url   pathname: 'latest',
12 verbose parsed url   path: 'latest',
12 verbose parsed url   href: 'latest' }
13 verbose addNamed [ 'abandonware/bleno', 'latest' ]
14 verbose addNamed [ null, null ]
15 silly lockFile 9c50341a-abandonware-bleno-latest abandonware/bleno@latest
16 verbose lock abandonware/bleno@latest /home/jens/.npm/9c50341a-abandonware-bleno-latest.lock
17 info addNameTag [ 'abandonware/bleno', 'latest' ]
18 verbose request where is /abandonware/bleno
19 verbose request registry https://registry.npmjs.org/
20 verbose request id e018a9dad14ec136
21 verbose url raw /abandonware/bleno
22 verbose url resolving [ 'https://registry.npmjs.org/', './abandonware/bleno' ]
23 verbose url resolved https://registry.npmjs.org/abandonware/bleno
24 verbose request where is https://registry.npmjs.org/abandonware/bleno
25 info trying registry request attempt 1 at 13:41:44
26 http GET https://registry.npmjs.org/abandonware/bleno
27 http 405 https://registry.npmjs.org/abandonware/bleno
28 silly registry.get cb [ 405,
28 silly registry.get   { date: 'Fri, 27 Sep 2019 12:41:45 GMT',
28 silly registry.get     'content-type': 'application/json',
28 silly registry.get     'content-length': '63',
28 silly registry.get     connection: 'close',
28 silly registry.get     'set-cookie':
28 silly registry.get      [ '__cfduid=d52eb3746e890ae0923da8c605e3f48e01569588105; expires=Sat, 26-Sep-20 12:41:45 GMT; path=/; domain=.npmjs.org; HttpOnly' ],
28 silly registry.get     'cf-ray': '51cd8db94ffdd4a0-BRU',
28 silly registry.get     allow: 'PUT',
28 silly registry.get     'expect-ct': 'max-age=604800, report-uri="https://report-uri.cloudflare.com/cdn-cgi/beacon/expect-ct"',
28 silly registry.get     vary: 'Accept-Encoding',
28 silly registry.get     server: 'cloudflare' } ]
29 silly lockFile 9c50341a-abandonware-bleno-latest abandonware/bleno@latest
30 silly lockFile 9c50341a-abandonware-bleno-latest abandonware/bleno@latest
31 error Error: Method Not Allowed
31 error     at errorResponse (/usr/share/npm/lib/cache/add-named.js:260:10)
31 error     at /usr/share/npm/lib/cache/add-named.js:71:12
31 error     at saved (/usr/share/npm/node_modules/npm-registry-client/lib/get.js:167:7)
31 error     at FSReqWrap.oncomplete (fs.js:135:15)
32 error If you need help, you may report this *entire* log,
32 error including the npm and node versions, at:
32 error     <http://github.com/npm/npm/issues>
33 error System Linux 4.14.98-v7+
34 error command "/usr/bin/node" "/usr/bin/npm" "install" "@abandonware/bleno@latest" "--save"
35 error cwd /home/jens/bluetooth/devices
36 error node -v v8.11.1
37 error npm -v 1.4.21
38 error code E405
39 verbose exit [ 1, true ]
